<?xml version="1.0" encoding="UTF-8"?>
<!-- Generated by org.testng.reporters.JUnitXMLReporter -->
<testsuite hostname="5CD70921N1" ignored="0" tests="1" failures="0" timestamp="09 апр 2018 06:55:23 GMT" time="0.029" errors="0">
  <testcase name="@BeforeClass setUp" time="0.01" classname="BaseRunner">
    <failure type="java.lang.NullPointerException">
      <![CDATA[java.lang.NullPointerException
at BaseRunner.setUp(BaseRunner.java:23)
... Removed 35 stack frames]]>
    </failure>
  </testcase> <!-- @BeforeClass setUp -->
  <testcase name="testCheckPaymentPage" time="0.0" classname="TestCheckPaymentPage">
    <skipped/>
  </testcase> <!-- testCheckPaymentPage -->
</testsuite>
